2021-12-08 13:06:23 - INFO - "GET / HTTP/1.1" 200 1219
2021-12-08 13:06:23 - INFO - "GET /static/style.css HTTP/1.1" 200 648
2021-12-08 13:06:23 - INFO - "GET /favicon.ico HTTP/1.1" 200 1739
2021-12-08 13:28:07 - ERROR - QueryException in 0 on line 0
2021-12-08 13:28:07 - ERROR - "GET /mixtape HTTP/1.1" 500 980559
2021-12-08 13:28:19 - ERROR - QueryException in 0 on line 0
2021-12-08 13:28:19 - ERROR - "GET /mixtape HTTP/1.1" 500 980689
2021-12-08 13:28:31 - ERROR - QueryException in 0 on line 0
2021-12-08 13:28:31 - ERROR - "GET /mixtape HTTP/1.1" 500 980689
2021-12-08 13:29:06 - INFO - "GET /mixtape HTTP/1.1" 200 2
2021-12-08 13:29:06 - INFO - "GET /favicon.ico HTTP/1.1" 304 0
2021-12-08 13:29:36 - INFO - "GET /mixtape HTTP/1.1" 200 483
2021-12-08 13:29:36 - INFO - "GET /mixtape/1 HTTP/1.1" 200 246
2021-12-08 13:29:36 - INFO - "GET /mixtape/2 HTTP/1.1" 200 233
2021-12-08 13:30:21 - ERROR - ResponseError in 0 on line 0
2021-12-08 13:34:04 - INFO - "GET /mixtape/2 HTTP/1.1" 200 233
2021-12-08 13:34:04 - INFO - "GET /favicon.ico HTTP/1.1" 304 0
2021-12-08 13:34:04 - INFO - "GET /mixtape/ HTTP/1.1" 200 483
2021-12-08 13:34:04 - INFO - "GET /mixtape/ HTTP/1.1" 200 483
2021-12-08 13:34:04 - INFO - "GET /mixtape/ HTTP/1.1" 200 483
2021-12-08 13:34:04 - INFO - "POST /mixtape/ HTTP/1.1" 200 235
2021-12-08 13:34:04 - INFO - "GET /mixtape/ HTTP/1.1" 200 720
2021-12-08 13:34:04 - INFO - "GET /favicon.ico HTTP/1.1" 304 0
2021-12-08 13:34:04 - INFO - "GET /mixtape/ HTTP/1.1" 200 720
2021-12-08 13:37:46 - INFO - "GET /mixtape/ HTTP/1.1" 200 720
2021-12-08 13:37:46 - INFO - "GET /favicon.ico HTTP/1.1" 304 0
2021-12-08 13:37:46 - INFO - "GET /mixtape/3 HTTP/1.1" 200 235
2021-12-08 13:37:46 - INFO - "GET /mixtape/ HTTP/1.1" 200 720
2021-12-08 13:39:15 - INFO - "PUT /mixtape/3 HTTP/1.1" 200 285
2021-12-08 13:39:15 - INFO - "GET /mixtape/ HTTP/1.1" 200 768
2021-12-08 13:39:15 - INFO - "GET /favicon.ico HTTP/1.1" 304 0
2021-12-08 13:41:09 - INFO - "GET /mixtape/ HTTP/1.1" 200 768
2021-12-08 13:41:09 - INFO - "GET /favicon.ico HTTP/1.1" 304 0
2021-12-08 13:41:09 - INFO - "GET /mixtape HTTP/1.1" 200 768
2021-12-08 13:41:09 - INFO - "POST /mixtape HTTP/1.1" 200 284
2021-12-08 13:41:09 - INFO - "GET /mixtape/ HTTP/1.1" 200 1054
2021-12-08 13:41:09 - INFO - "GET /mixtape/ HTTP/1.1" 200 1054
2021-12-08 13:41:09 - INFO - "PUT /mixtape/4 HTTP/1.1" 200 306
2021-12-08 13:41:09 - INFO - "GET /favicon.ico HTTP/1.1" 304 0
2021-12-08 13:41:09 - INFO - "GET /mixtape/ HTTP/1.1" 200 1074
2021-12-08 13:41:09 - INFO - "GET /mixtape/ HTTP/1.1" 200 1074
2021-12-08 13:41:09 - INFO - "DELETE /mixtape/4 HTTP/1.1" 200 306
2021-12-08 13:41:09 - INFO - "GET /mixtape/ HTTP/1.1" 200 768
2021-12-08 13:41:09 - INFO - "GET /mixtape/ HTTP/1.1" 200 768
2021-12-08 13:41:09 - INFO - "POST /mixtape/ HTTP/1.1" 200 304
2021-12-08 13:41:09 - INFO - "GET /mixtape/ HTTP/1.1" 200 1074
2021-12-08 13:41:09 - INFO - "GET /mixtape/ HTTP/1.1" 200 1074
2021-12-08 13:41:09 - WARNING - "DELETE /mixtape/ HTTP/1.1" 404 1536
2021-12-08 13:41:09 - INFO - "GET /mixtape/ HTTP/1.1" 200 1074
2021-12-08 13:41:09 - INFO - "GET /mixtape/ HTTP/1.1" 200 1074
2021-12-08 13:41:09 - INFO - "DELETE /mixtape/4 HTTP/1.1" 200 306
2021-12-08 13:41:09 - INFO - "GET /mixtape/ HTTP/1.1" 200 768
